<?xml version="1.0" encoding="UTF-8"?>
<testsuite name="com.testwithspring.master.kotlin.Integrationtest" tests="1" skipped="0" failures="0" errors="0" timestamp="2022-08-17T06:25:12" hostname="TO-49BVFD2-D" time="0.066">
  <properties/>
  <testcase name="Should be when we run our integration tests" classname="com.testwithspring.master.kotlin.Integrationtest" time="0.066"/>
  <system-out><![CDATA[Should be run when we run our integration tests
]]></system-out>
  <system-err><![CDATA[]]></system-err>
</testsuite>
